<?xml version="1.0" encoding="UTF-8"?>
<!-- Generated by org.testng.reporters.JUnitReportReporter -->
<testsuite hostname="DESKTOP-JLPQ7D7" failures="0" tests="10" name="SortingTest" time="5.391" errors="0" timestamp="2019-12-15T17:58:26 CET" skipped="0">
  <testcase classname="SortingTest" name="ascendingSortStringValues" time="0.694"/>
  <testcase classname="SortingTest" name="ascendingSortStringValues" time="0.689"/>
  <testcase classname="SortingTest" name="ascendingSortStringValues" time="0.405"/>
  <testcase classname="SortingTest" name="descendingSortStringValues" time="0.810"/>
  <testcase classname="SortingTest" name="descendingSortStringValues" time="0.406"/>
  <testcase classname="SortingTest" name="descendingSortStringValues" time="0.400"/>
  <testcase classname="SortingTest" name="ascendingSortStringValues" time="0.406"/>
  <testcase classname="SortingTest" name="descendingSortStringValues" time="0.820"/>
  <testcase classname="SortingTest" name="descendingSortId" time="0.375"/>
  <testcase classname="SortingTest" name="ascendingSortId" time="0.386"/>
</testsuite> <!-- SortingTest -->
