<?xml version="1.0" encoding="UTF-8"?>
<!-- Generated by org.testng.reporters.JUnitReportReporter -->
<testsuite hostname="DESKTOP-JLPQ7D7" failures="0" tests="8" name="SpecificBreweryTest" time="2.835" errors="0" timestamp="2019-12-15T17:58:26 CET" skipped="0">
  <testcase classname="SpecificBreweryTest" name="breweryWithMinId" time="0.314"/>
  <testcase classname="SpecificBreweryTest" name="breweryWithMaxId" time="0.325"/>
  <testcase classname="SpecificBreweryTest" name="breweryWithInvalidId" time="0.380"/>
  <testcase classname="SpecificBreweryTest" name="breweryWithInvalidId" time="0.306"/>
  <testcase classname="SpecificBreweryTest" name="breweryWithInvalidId" time="0.299"/>
  <testcase classname="SpecificBreweryTest" name="breweryWithInvalidId" time="0.627"/>
  <testcase classname="SpecificBreweryTest" name="breweryWithInvalidId" time="0.287"/>
  <testcase classname="SpecificBreweryTest" name="breweryWithInvalidId" time="0.297"/>
</testsuite> <!-- SpecificBreweryTest -->
