<?xml version="1.0" encoding="UTF-8"?>
<!-- Generated by org.testng.reporters.JUnitReportReporter -->
<testsuite hostname="DESKTOP-JLPQ7D7" failures="0" tests="1" name="PaginationTest" time="0.698" errors="0" timestamp="2019-12-15T17:58:26 CET" skipped="0">
  <testcase classname="PaginationTest" name="setArrayLengthToMaxValue" time="0.698"/>
</testsuite> <!-- PaginationTest -->
