<?xml version="1.0" encoding="UTF-8"?>
<!-- Generated by org.testng.reporters.JUnitReportReporter -->
<testsuite hostname="DESKTOP-JLPQ7D7" failures="0" tests="3" name="AutocompleteTest" time="0.730" errors="0" timestamp="2019-12-15T17:58:26 CET" skipped="0">
  <testcase classname="AutocompleteTest" name="checkStatusCodeAndSchema" time="0.647"/>
  <testcase classname="AutocompleteTest" name="checkSize" time="0.061"/>
  <testcase classname="AutocompleteTest" name="checkIfNoRepetitions" time="0.022"/>
</testsuite> <!-- AutocompleteTest -->
