<?xml version="1.0" encoding="UTF-8"?>
<!-- Generated by org.testng.reporters.JUnitReportReporter -->
<testsuite hostname="DESKTOP-JLPQ7D7" failures="0" tests="12" name="ItemsPerPageTest" time="7.546" errors="0" timestamp="2019-12-15T17:58:26 CET" skipped="0">
  <testcase classname="ItemsPerPageTest" name="checkSchema" time="0.865"/>
  <testcase classname="ItemsPerPageTest" name="checkDefaultArrayLength" time="0.013"/>
  <testcase classname="ItemsPerPageTest" name="setArrayLengthToMaxValue" time="0.932"/>
  <testcase classname="ItemsPerPageTest" name="setArrayLengthToNumberHigherThanMaxValue" time="0.608"/>
  <testcase classname="ItemsPerPageTest" name="setArrayLengthToMinValue" time="0.309"/>
  <testcase classname="ItemsPerPageTest" name="setArrayLenghtToInvalidValue" time="0.718"/>
  <testcase classname="ItemsPerPageTest" name="setArrayLenghtToInvalidValue" time="0.739"/>
  <testcase classname="ItemsPerPageTest" name="setArrayLenghtToInvalidValue" time="0.422"/>
  <testcase classname="ItemsPerPageTest" name="setArrayLenghtToInvalidValue" time="0.722"/>
  <testcase classname="ItemsPerPageTest" name="setArrayLenghtToInvalidValue" time="0.678"/>
  <testcase classname="ItemsPerPageTest" name="setArrayLenghtToInvalidValue" time="0.728"/>
  <testcase classname="ItemsPerPageTest" name="setArrayLenghtToInvalidValue" time="0.812"/>
</testsuite> <!-- ItemsPerPageTest -->
