<?xml version="1.0" encoding="UTF-8"?>
<!-- Generated by org.testng.reporters.JUnitReportReporter -->
<testsuite hostname="DESKTOP-JLPQ7D7" failures="0" tests="5" name="GetAllBreweriesTest" time="4.172" errors="0" timestamp="2019-12-15T17:58:26 CET" skipped="0">
  <testcase classname="GetAllBreweriesTest" name="getAllBreweries" time="0.790"/>
  <testcase classname="GetAllBreweriesTest" name="filterBreweriesByState" time="0.790"/>
  <testcase classname="GetAllBreweriesTest" name="filterBreweriesByCity" time="0.751"/>
  <testcase classname="GetAllBreweriesTest" name="filterBreweriesByName" time="1.130"/>
  <testcase classname="GetAllBreweriesTest" name="filterBreweriesByType" time="0.711"/>
</testsuite> <!-- GetAllBreweriesTest -->
