<?xml version="1.0" encoding="UTF-8"?>
<testsuite xmlns:xsi="http://www.w3.org/2001/XMLSchema-instance" xsi:noNamespaceSchemaLocation="https://maven.apache.org/surefire/maven-surefire-plugin/xsd/surefire-test-report-3.0.xsd" version="3.0" name="TestSuite" time="11.063" tests="20" errors="0" skipped="0" failures="6">
  <properties>
    <property name="sun.desktop" value="windows"/>
    <property name="awt.toolkit" value="sun.awt.windows.WToolkit"/>
    <property name="java.specification.version" value="11"/>
    <property name="sun.cpu.isalist" value="amd64"/>
    <property name="sun.jnu.encoding" value="Cp1250"/>
    <property name="java.class.path" value="C:\Users\patry\IdeaProjects\OpenNotify\target\test-classes;C:\Users\patry\IdeaProjects\OpenNotify\target\classes;C:\Users\patry\.m2\repository\org\seleniumhq\selenium\selenium-server\3.141.59\selenium-server-3.141.59.jar;C:\Users\patry\.m2\repository\org\seleniumhq\selenium\selenium-java\3.141.59\selenium-java-3.141.59.jar;C:\Users\patry\.m2\repository\org\seleniumhq\selenium\selenium-api\3.141.59\selenium-api-3.141.59.jar;C:\Users\patry\.m2\repository\org\seleniumhq\selenium\selenium-chrome-driver\3.141.59\selenium-chrome-driver-3.141.59.jar;C:\Users\patry\.m2\repository\org\seleniumhq\selenium\selenium-edge-driver\3.141.59\selenium-edge-driver-3.141.59.jar;C:\Users\patry\.m2\repository\org\seleniumhq\selenium\selenium-firefox-driver\3.141.59\selenium-firefox-driver-3.141.59.jar;C:\Users\patry\.m2\repository\org\seleniumhq\selenium\selenium-ie-driver\3.141.59\selenium-ie-driver-3.141.59.jar;C:\Users\patry\.m2\repository\org\seleniumhq\selenium\selenium-opera-driver\3.141.59\selenium-opera-driver-3.141.59.jar;C:\Users\patry\.m2\repository\org\seleniumhq\selenium\selenium-remote-driver\3.141.59\selenium-remote-driver-3.141.59.jar;C:\Users\patry\.m2\repository\org\seleniumhq\selenium\selenium-safari-driver\3.141.59\selenium-safari-driver-3.141.59.jar;C:\Users\patry\.m2\repository\org\seleniumhq\selenium\selenium-support\3.141.59\selenium-support-3.141.59.jar;C:\Users\patry\.m2\repository\com\beust\jcommander\1.72\jcommander-1.72.jar;C:\Users\patry\.m2\repository\net\bytebuddy\byte-buddy\1.8.15\byte-buddy-1.8.15.jar;C:\Users\patry\.m2\repository\org\apache\commons\commons-exec\1.3\commons-exec-1.3.jar;C:\Users\patry\.m2\repository\com\google\guava\guava\25.0-jre\guava-25.0-jre.jar;C:\Users\patry\.m2\repository\com\google\code\findbugs\jsr305\1.3.9\jsr305-1.3.9.jar;C:\Users\patry\.m2\repository\org\checkerframework\checker-compat-qual\2.0.0\checker-compat-qual-2.0.0.jar;C:\Users\patry\.m2\repository\com\google\errorprone\error_prone_annotations\2.1.3\error_prone_annotations-2.1.3.jar;C:\Users\patry\.m2\repository\com\google\j2objc\j2objc-annotations\1.1\j2objc-annotations-1.1.jar;C:\Users\patry\.m2\repository\org\codehaus\mojo\animal-sniffer-annotations\1.14\animal-sniffer-annotations-1.14.jar;C:\Users\patry\.m2\repository\net\jcip\jcip-annotations\1.0\jcip-annotations-1.0.jar;C:\Users\patry\.m2\repository\org\seleniumhq\selenium\jetty-repacked\9.4.12.v20180830\jetty-repacked-9.4.12.v20180830.jar;C:\Users\patry\.m2\repository\com\squareup\okhttp3\okhttp\3.11.0\okhttp-3.11.0.jar;C:\Users\patry\.m2\repository\com\squareup\okio\okio\1.14.0\okio-1.14.0.jar;C:\Users\patry\.m2\repository\javax\servlet\javax.servlet-api\3.1.0\javax.servlet-api-3.1.0.jar;C:\Users\patry\.m2\repository\org\yaml\snakeyaml\1.19\snakeyaml-1.19.jar;C:\Users\patry\.m2\repository\org\testng\testng\7.0.0\testng-7.0.0.jar;C:\Users\patry\.m2\repository\org\apache\poi\poi\4.1.0\poi-4.1.0.jar;C:\Users\patry\.m2\repository\commons-codec\commons-codec\1.12\commons-codec-1.12.jar;C:\Users\patry\.m2\repository\org\apache\commons\commons-collections4\4.3\commons-collections4-4.3.jar;C:\Users\patry\.m2\repository\org\apache\commons\commons-math3\3.6.1\commons-math3-3.6.1.jar;C:\Users\patry\.m2\repository\org\apache\poi\poi-ooxml\4.1.0\poi-ooxml-4.1.0.jar;C:\Users\patry\.m2\repository\org\apache\poi\poi-ooxml-schemas\4.1.0\poi-ooxml-schemas-4.1.0.jar;C:\Users\patry\.m2\repository\org\apache\xmlbeans\xmlbeans\3.1.0\xmlbeans-3.1.0.jar;C:\Users\patry\.m2\repository\org\apache\commons\commons-compress\1.18\commons-compress-1.18.jar;C:\Users\patry\.m2\repository\com\github\virtuald\curvesapi\1.06\curvesapi-1.06.jar;C:\Users\patry\.m2\repository\org\apache\maven\plugins\maven-dependency-plugin\3.1.1\maven-dependency-plugin-3.1.1.jar;C:\Users\patry\.m2\repository\org\apache\maven\maven-artifact\3.0\maven-artifact-3.0.jar;C:\Users\patry\.m2\repository\org\apache\maven\maven-plugin-api\3.0\maven-plugin-api-3.0.jar;C:\Users\patry\.m2\repository\org\sonatype\sisu\sisu-inject-plexus\1.4.2\sisu-inject-plexus-1.4.2.jar;C:\Users\patry\.m2\repository\org\sonatype\sisu\sisu-inject-bean\1.4.2\sisu-inject-bean-1.4.2.jar;C:\Users\patry\.m2\repository\org\sonatype\sisu\sisu-guice\2.1.7\sisu-guice-2.1.7-noaop.jar;C:\Users\patry\.m2\repository\org\apache\maven\maven-model\3.0\maven-model-3.0.jar;C:\Users\patry\.m2\repository\org\apache\maven\maven-core\3.0\maven-core-3.0.jar;C:\Users\patry\.m2\repository\org\apache\maven\maven-settings\3.0\maven-settings-3.0.jar;C:\Users\patry\.m2\repository\org\apache\maven\maven-settings-builder\3.0\maven-settings-builder-3.0.jar;C:\Users\patry\.m2\repository\org\apache\maven\maven-model-builder\3.0\maven-model-builder-3.0.jar;C:\Users\patry\.m2\repository\org\apache\maven\maven-aether-provider\3.0\maven-aether-provider-3.0.jar;C:\Users\patry\.m2\repository\org\sonatype\aether\aether-impl\1.7\aether-impl-1.7.jar;C:\Users\patry\.m2\repository\org\sonatype\aether\aether-spi\1.7\aether-spi-1.7.jar;C:\Users\patry\.m2\repository\org\sonatype\aether\aether-api\1.7\aether-api-1.7.jar;C:\Users\patry\.m2\repository\org\sonatype\aether\aether-util\1.7\aether-util-1.7.jar;C:\Users\patry\.m2\repository\org\codehaus\plexus\plexus-interpolation\1.14\plexus-interpolation-1.14.jar;C:\Users\patry\.m2\repository\org\codehaus\plexus\plexus-classworlds\2.2.3\plexus-classworlds-2.2.3.jar;C:\Users\patry\.m2\repository\org\codehaus\plexus\plexus-component-annotations\1.5.5\plexus-component-annotations-1.5.5.jar;C:\Users\patry\.m2\repository\org\sonatype\plexus\plexus-sec-dispatcher\1.3\plexus-sec-dispatcher-1.3.jar;C:\Users\patry\.m2\repository\org\sonatype\plexus\plexus-cipher\1.4\plexus-cipher-1.4.jar;C:\Users\patry\.m2\repository\org\apache\maven\maven-repository-metadata\3.0\maven-repository-metadata-3.0.jar;C:\Users\patry\.m2\repository\org\apache\maven\reporting\maven-reporting-api\3.0\maven-reporting-api-3.0.jar;C:\Users\patry\.m2\repository\org\apache\maven\reporting\maven-reporting-impl\2.3\maven-reporting-impl-2.3.jar;C:\Users\patry\.m2\repository\org\apache\maven\doxia\doxia-core\1.2\doxia-core-1.2.jar;C:\Users\patry\.m2\repository\xerces\xercesImpl\2.9.1\xercesImpl-2.9.1.jar;C:\Users\patry\.m2\repository\xml-apis\xml-apis\1.3.04\xml-apis-1.3.04.jar;C:\Users\patry\.m2\repository\commons-validator\commons-validator\1.3.1\commons-validator-1.3.1.jar;C:\Users\patry\.m2\repository\commons-beanutils\commons-beanutils\1.7.0\commons-beanutils-1.7.0.jar;C:\Users\patry\.m2\repository\commons-digester\commons-digester\1.6\commons-digester-1.6.jar;C:\Users\patry\.m2\repository\commons-io\commons-io\2.5\commons-io-2.5.jar;C:\Users\patry\.m2\repository\org\apache\maven\doxia\doxia-sink-api\1.4\doxia-sink-api-1.4.jar;C:\Users\patry\.m2\repository\org\apache\maven\doxia\doxia-logging-api\1.4\doxia-logging-api-1.4.jar;C:\Users\patry\.m2\repository\org\apache\maven\doxia\doxia-site-renderer\1.4\doxia-site-renderer-1.4.jar;C:\Users\patry\.m2\repository\org\apache\maven\doxia\doxia-decoration-model\1.4\doxia-decoration-model-1.4.jar;C:\Users\patry\.m2\repository\org\apache\maven\doxia\doxia-module-xhtml\1.4\doxia-module-xhtml-1.4.jar;C:\Users\patry\.m2\repository\org\apache\maven\doxia\doxia-module-fml\1.4\doxia-module-fml-1.4.jar;C:\Users\patry\.m2\repository\org\codehaus\plexus\plexus-i18n\1.0-beta-7\plexus-i18n-1.0-beta-7.jar;C:\Users\patry\.m2\repository\org\codehaus\plexus\plexus-container-default\1.0-alpha-30\plexus-container-default-1.0-alpha-30.jar;C:\Users\patry\.m2\repository\junit\junit\3.8.1\junit-3.8.1.jar;C:\Users\patry\.m2\repository\org\codehaus\plexus\plexus-velocity\1.1.7\plexus-velocity-1.1.7.jar;C:\Users\patry\.m2\repository\org\apache\velocity\velocity\1.5\velocity-1.5.jar;C:\Users\patry\.m2\repository\oro\oro\2.0.8\oro-2.0.8.jar;C:\Users\patry\.m2\repository\org\apache\velocity\velocity-tools\2.0\velocity-tools-2.0.jar;C:\Users\patry\.m2\repository\commons-chain\commons-chain\1.1\commons-chain-1.1.jar;C:\Users\patry\.m2\repository\dom4j\dom4j\1.1\dom4j-1.1.jar;C:\Users\patry\.m2\repository\sslext\sslext\1.2-0\sslext-1.2-0.jar;C:\Users\patry\.m2\repository\org\apache\struts\struts-core\1.3.8\struts-core-1.3.8.jar;C:\Users\patry\.m2\repository\antlr\antlr\2.7.2\antlr-2.7.2.jar;C:\Users\patry\.m2\repository\org\apache\struts\struts-taglib\1.3.8\struts-taglib-1.3.8.jar;C:\Users\patry\.m2\repository\org\apache\struts\struts-tiles\1.3.8\struts-tiles-1.3.8.jar;C:\Users\patry\.m2\repository\org\codehaus\plexus\plexus-archiver\3.6.0\plexus-archiver-3.6.0.jar;C:\Users\patry\.m2\repository\org\iq80\snappy\snappy\0.4\snappy-0.4.jar;C:\Users\patry\.m2\repository\org\tukaani\xz\1.8\xz-1.8.jar;C:\Users\patry\.m2\repository\org\codehaus\plexus\plexus-utils\3.1.0\plexus-utils-3.1.0.jar;C:\Users\patry\.m2\repository\org\apache\maven\shared\file-management\3.0.0\file-management-3.0.0.jar;C:\Users\patry\.m2\repository\org\apache\maven\shared\maven-shared-io\3.0.0\maven-shared-io-3.0.0.jar;C:\Users\patry\.m2\repository\org\apache\maven\maven-compat\3.0\maven-compat-3.0.jar;C:\Users\patry\.m2\repository\org\apache\maven\wagon\wagon-provider-api\2.10\wagon-provider-api-2.10.jar;C:\Users\patry\.m2\repository\org\codehaus\plexus\plexus-io\3.0.0\plexus-io-3.0.0.jar;C:\Users\patry\.m2\repository\org\apache\maven\shared\maven-dependency-analyzer\1.10\maven-dependency-analyzer-1.10.jar;C:\Users\patry\.m2\repository\org\ow2\asm\asm\6.1.1\asm-6.1.1.jar;C:\Users\patry\.m2\repository\org\apache\maven\shared\maven-dependency-tree\3.0.1\maven-dependency-tree-3.0.1.jar;C:\Users\patry\.m2\repository\org\eclipse\aether\aether-util\0.9.0.M2\aether-util-0.9.0.M2.jar;C:\Users\patry\.m2\repository\org\apache\maven\shared\maven-common-artifact-filters\3.0.1\maven-common-artifact-filters-3.0.1.jar;C:\Users\patry\.m2\repository\org\apache\maven\shared\maven-artifact-transfer\0.9.1\maven-artifact-transfer-0.9.1.jar;C:\Users\patry\.m2\repository\org\slf4j\slf4j-api\1.7.5\slf4j-api-1.7.5.jar;C:\Users\patry\.m2\repository\org\apache\maven\shared\maven-shared-utils\3.2.0\maven-shared-utils-3.2.0.jar;C:\Users\patry\.m2\repository\commons-lang\commons-lang\2.6\commons-lang-2.6.jar;C:\Users\patry\.m2\repository\commons-collections\commons-collections\3.2.2\commons-collections-3.2.2.jar;C:\Users\patry\.m2\repository\classworlds\classworlds\1.1\classworlds-1.1.jar;C:\Users\patry\.m2\repository\io\rest-assured\rest-assured\4.1.2\rest-assured-4.1.2.jar;C:\Users\patry\.m2\repository\org\codehaus\groovy\groovy\2.5.8\groovy-2.5.8.jar;C:\Users\patry\.m2\repository\org\codehaus\groovy\groovy-xml\2.5.8\groovy-xml-2.5.8.jar;C:\Users\patry\.m2\repository\org\apache\httpcomponents\httpclient\4.5.3\httpclient-4.5.3.jar;C:\Users\patry\.m2\repository\org\apache\httpcomponents\httpcore\4.4.6\httpcore-4.4.6.jar;C:\Users\patry\.m2\repository\commons-logging\commons-logging\1.2\commons-logging-1.2.jar;C:\Users\patry\.m2\repository\org\apache\httpcomponents\httpmime\4.5.3\httpmime-4.5.3.jar;C:\Users\patry\.m2\repository\org\hamcrest\hamcrest\2.1\hamcrest-2.1.jar;C:\Users\patry\.m2\repository\org\ccil\cowan\tagsoup\tagsoup\1.2.1\tagsoup-1.2.1.jar;C:\Users\patry\.m2\repository\io\rest-assured\json-path\4.1.2\json-path-4.1.2.jar;C:\Users\patry\.m2\repository\org\codehaus\groovy\groovy-json\2.5.8\groovy-json-2.5.8.jar;C:\Users\patry\.m2\repository\io\rest-assured\rest-assured-common\4.1.2\rest-assured-common-4.1.2.jar;C:\Users\patry\.m2\repository\io\rest-assured\xml-path\4.1.2\xml-path-4.1.2.jar;C:\Users\patry\.m2\repository\org\apache\commons\commons-lang3\3.4\commons-lang3-3.4.jar;C:\Users\patry\.m2\repository\javax\xml\bind\jaxb-api\2.3.1\jaxb-api-2.3.1.jar;C:\Users\patry\.m2\repository\javax\activation\javax.activation-api\1.2.0\javax.activation-api-1.2.0.jar;C:\Users\patry\.m2\repository\com\sun\xml\bind\jaxb-osgi\2.3.0.1\jaxb-osgi-2.3.0.1.jar;C:\Users\patry\.m2\repository\org\apache\sling\org.apache.sling.javax.activation\0.1.0\org.apache.sling.javax.activation-0.1.0.jar;C:\Users\patry\.m2\repository\javax\activation\activation\1.1.1\activation-1.1.1.jar;C:\Users\patry\.m2\repository\io\rest-assured\json-schema-validator\4.1.2\json-schema-validator-4.1.2.jar;C:\Users\patry\.m2\repository\com\github\java-json-tools\json-schema-validator\2.2.10\json-schema-validator-2.2.10.jar;C:\Users\patry\.m2\repository\com\github\java-json-tools\json-schema-core\1.2.10\json-schema-core-1.2.10.jar;C:\Users\patry\.m2\repository\com\github\java-json-tools\jackson-coreutils\1.9\jackson-coreutils-1.9.jar;C:\Users\patry\.m2\repository\com\fasterxml\jackson\core\jackson-databind\2.2.3\jackson-databind-2.2.3.jar;C:\Users\patry\.m2\repository\com\fasterxml\jackson\core\jackson-annotations\2.2.3\jackson-annotations-2.2.3.jar;C:\Users\patry\.m2\repository\com\fasterxml\jackson\core\jackson-core\2.2.3\jackson-core-2.2.3.jar;C:\Users\patry\.m2\repository\com\github\fge\msg-simple\1.1\msg-simple-1.1.jar;C:\Users\patry\.m2\repository\com\github\fge\btf\1.2\btf-1.2.jar;C:\Users\patry\.m2\repository\com\github\fge\uri-template\0.9\uri-template-0.9.jar;C:\Users\patry\.m2\repository\org\mozilla\rhino\1.7.7.1\rhino-1.7.7.1.jar;C:\Users\patry\.m2\repository\javax\mail\mailapi\1.4.3\mailapi-1.4.3.jar;C:\Users\patry\.m2\repository\joda-time\joda-time\2.9.7\joda-time-2.9.7.jar;C:\Users\patry\.m2\repository\com\googlecode\libphonenumber\libphonenumber\8.0.0\libphonenumber-8.0.0.jar;C:\Users\patry\.m2\repository\net\sf\jopt-simple\jopt-simple\5.0.3\jopt-simple-5.0.3.jar;"/>
    <property name="java.vm.vendor" value="JetBrains s.r.o"/>
    <property name="sun.arch.data.model" value="64"/>
    <property name="user.variant" value=""/>
    <property name="java.vendor.url" value="https://www.jetbrains.com/"/>
    <property name="user.timezone" value="Europe/Belgrade"/>
    <property name="java.vm.specification.version" value="11"/>
    <property name="os.name" value="Windows 10"/>
    <property name="sun.java.launcher" value="SUN_STANDARD"/>
    <property name="user.country" value="PL"/>
    <property name="sun.boot.library.path" value="C:\Users\patry\.IdeaIC2019.3\config\jdks\jbsdk11b125_windows_x64\bin"/>
    <property name="sun.java.command" value="C:\Users\patry\AppData\Local\Temp\surefire7300429991294576300\surefirebooter4451851142879238480.jar C:\Users\patry\AppData\Local\Temp\surefire7300429991294576300 2019-12-19T19-58-40_804-jvmRun1 surefire528728279843270768tmp surefire_015312935072710800946tmp"/>
    <property name="jdk.debug" value="release"/>
    <property name="surefire.test.class.path" value="C:\Users\patry\IdeaProjects\OpenNotify\target\test-classes;C:\Users\patry\IdeaProjects\OpenNotify\target\classes;C:\Users\patry\.m2\repository\org\seleniumhq\selenium\selenium-server\3.141.59\selenium-server-3.141.59.jar;C:\Users\patry\.m2\repository\org\seleniumhq\selenium\selenium-java\3.141.59\selenium-java-3.141.59.jar;C:\Users\patry\.m2\repository\org\seleniumhq\selenium\selenium-api\3.141.59\selenium-api-3.141.59.jar;C:\Users\patry\.m2\repository\org\seleniumhq\selenium\selenium-chrome-driver\3.141.59\selenium-chrome-driver-3.141.59.jar;C:\Users\patry\.m2\repository\org\seleniumhq\selenium\selenium-edge-driver\3.141.59\selenium-edge-driver-3.141.59.jar;C:\Users\patry\.m2\repository\org\seleniumhq\selenium\selenium-firefox-driver\3.141.59\selenium-firefox-driver-3.141.59.jar;C:\Users\patry\.m2\repository\org\seleniumhq\selenium\selenium-ie-driver\3.141.59\selenium-ie-driver-3.141.59.jar;C:\Users\patry\.m2\repository\org\seleniumhq\selenium\selenium-opera-driver\3.141.59\selenium-opera-driver-3.141.59.jar;C:\Users\patry\.m2\repository\org\seleniumhq\selenium\selenium-remote-driver\3.141.59\selenium-remote-driver-3.141.59.jar;C:\Users\patry\.m2\repository\org\seleniumhq\selenium\selenium-safari-driver\3.141.59\selenium-safari-driver-3.141.59.jar;C:\Users\patry\.m2\repository\org\seleniumhq\selenium\selenium-support\3.141.59\selenium-support-3.141.59.jar;C:\Users\patry\.m2\repository\com\beust\jcommander\1.72\jcommander-1.72.jar;C:\Users\patry\.m2\repository\net\bytebuddy\byte-buddy\1.8.15\byte-buddy-1.8.15.jar;C:\Users\patry\.m2\repository\org\apache\commons\commons-exec\1.3\commons-exec-1.3.jar;C:\Users\patry\.m2\repository\com\google\guava\guava\25.0-jre\guava-25.0-jre.jar;C:\Users\patry\.m2\repository\com\google\code\findbugs\jsr305\1.3.9\jsr305-1.3.9.jar;C:\Users\patry\.m2\repository\org\checkerframework\checker-compat-qual\2.0.0\checker-compat-qual-2.0.0.jar;C:\Users\patry\.m2\repository\com\google\errorprone\error_prone_annotations\2.1.3\error_prone_annotations-2.1.3.jar;C:\Users\patry\.m2\repository\com\google\j2objc\j2objc-annotations\1.1\j2objc-annotations-1.1.jar;C:\Users\patry\.m2\repository\org\codehaus\mojo\animal-sniffer-annotations\1.14\animal-sniffer-annotations-1.14.jar;C:\Users\patry\.m2\repository\net\jcip\jcip-annotations\1.0\jcip-annotations-1.0.jar;C:\Users\patry\.m2\repository\org\seleniumhq\selenium\jetty-repacked\9.4.12.v20180830\jetty-repacked-9.4.12.v20180830.jar;C:\Users\patry\.m2\repository\com\squareup\okhttp3\okhttp\3.11.0\okhttp-3.11.0.jar;C:\Users\patry\.m2\repository\com\squareup\okio\okio\1.14.0\okio-1.14.0.jar;C:\Users\patry\.m2\repository\javax\servlet\javax.servlet-api\3.1.0\javax.servlet-api-3.1.0.jar;C:\Users\patry\.m2\repository\org\yaml\snakeyaml\1.19\snakeyaml-1.19.jar;C:\Users\patry\.m2\repository\org\testng\testng\7.0.0\testng-7.0.0.jar;C:\Users\patry\.m2\repository\org\apache\poi\poi\4.1.0\poi-4.1.0.jar;C:\Users\patry\.m2\repository\commons-codec\commons-codec\1.12\commons-codec-1.12.jar;C:\Users\patry\.m2\repository\org\apache\commons\commons-collections4\4.3\commons-collections4-4.3.jar;C:\Users\patry\.m2\repository\org\apache\commons\commons-math3\3.6.1\commons-math3-3.6.1.jar;C:\Users\patry\.m2\repository\org\apache\poi\poi-ooxml\4.1.0\poi-ooxml-4.1.0.jar;C:\Users\patry\.m2\repository\org\apache\poi\poi-ooxml-schemas\4.1.0\poi-ooxml-schemas-4.1.0.jar;C:\Users\patry\.m2\repository\org\apache\xmlbeans\xmlbeans\3.1.0\xmlbeans-3.1.0.jar;C:\Users\patry\.m2\repository\org\apache\commons\commons-compress\1.18\commons-compress-1.18.jar;C:\Users\patry\.m2\repository\com\github\virtuald\curvesapi\1.06\curvesapi-1.06.jar;C:\Users\patry\.m2\repository\org\apache\maven\plugins\maven-dependency-plugin\3.1.1\maven-dependency-plugin-3.1.1.jar;C:\Users\patry\.m2\repository\org\apache\maven\maven-artifact\3.0\maven-artifact-3.0.jar;C:\Users\patry\.m2\repository\org\apache\maven\maven-plugin-api\3.0\maven-plugin-api-3.0.jar;C:\Users\patry\.m2\repository\org\sonatype\sisu\sisu-inject-plexus\1.4.2\sisu-inject-plexus-1.4.2.jar;C:\Users\patry\.m2\repository\org\sonatype\sisu\sisu-inject-bean\1.4.2\sisu-inject-bean-1.4.2.jar;C:\Users\patry\.m2\repository\org\sonatype\sisu\sisu-guice\2.1.7\sisu-guice-2.1.7-noaop.jar;C:\Users\patry\.m2\repository\org\apache\maven\maven-model\3.0\maven-model-3.0.jar;C:\Users\patry\.m2\repository\org\apache\maven\maven-core\3.0\maven-core-3.0.jar;C:\Users\patry\.m2\repository\org\apache\maven\maven-settings\3.0\maven-settings-3.0.jar;C:\Users\patry\.m2\repository\org\apache\maven\maven-settings-builder\3.0\maven-settings-builder-3.0.jar;C:\Users\patry\.m2\repository\org\apache\maven\maven-model-builder\3.0\maven-model-builder-3.0.jar;C:\Users\patry\.m2\repository\org\apache\maven\maven-aether-provider\3.0\maven-aether-provider-3.0.jar;C:\Users\patry\.m2\repository\org\sonatype\aether\aether-impl\1.7\aether-impl-1.7.jar;C:\Users\patry\.m2\repository\org\sonatype\aether\aether-spi\1.7\aether-spi-1.7.jar;C:\Users\patry\.m2\repository\org\sonatype\aether\aether-api\1.7\aether-api-1.7.jar;C:\Users\patry\.m2\repository\org\sonatype\aether\aether-util\1.7\aether-util-1.7.jar;C:\Users\patry\.m2\repository\org\codehaus\plexus\plexus-interpolation\1.14\plexus-interpolation-1.14.jar;C:\Users\patry\.m2\repository\org\codehaus\plexus\plexus-classworlds\2.2.3\plexus-classworlds-2.2.3.jar;C:\Users\patry\.m2\repository\org\codehaus\plexus\plexus-component-annotations\1.5.5\plexus-component-annotations-1.5.5.jar;C:\Users\patry\.m2\repository\org\sonatype\plexus\plexus-sec-dispatcher\1.3\plexus-sec-dispatcher-1.3.jar;C:\Users\patry\.m2\repository\org\sonatype\plexus\plexus-cipher\1.4\plexus-cipher-1.4.jar;C:\Users\patry\.m2\repository\org\apache\maven\maven-repository-metadata\3.0\maven-repository-metadata-3.0.jar;C:\Users\patry\.m2\repository\org\apache\maven\reporting\maven-reporting-api\3.0\maven-reporting-api-3.0.jar;C:\Users\patry\.m2\repository\org\apache\maven\reporting\maven-reporting-impl\2.3\maven-reporting-impl-2.3.jar;C:\Users\patry\.m2\repository\org\apache\maven\doxia\doxia-core\1.2\doxia-core-1.2.jar;C:\Users\patry\.m2\repository\xerces\xercesImpl\2.9.1\xercesImpl-2.9.1.jar;C:\Users\patry\.m2\repository\xml-apis\xml-apis\1.3.04\xml-apis-1.3.04.jar;C:\Users\patry\.m2\repository\commons-validator\commons-validator\1.3.1\commons-validator-1.3.1.jar;C:\Users\patry\.m2\repository\commons-beanutils\commons-beanutils\1.7.0\commons-beanutils-1.7.0.jar;C:\Users\patry\.m2\repository\commons-digester\commons-digester\1.6\commons-digester-1.6.jar;C:\Users\patry\.m2\repository\commons-io\commons-io\2.5\commons-io-2.5.jar;C:\Users\patry\.m2\repository\org\apache\maven\doxia\doxia-sink-api\1.4\doxia-sink-api-1.4.jar;C:\Users\patry\.m2\repository\org\apache\maven\doxia\doxia-logging-api\1.4\doxia-logging-api-1.4.jar;C:\Users\patry\.m2\repository\org\apache\maven\doxia\doxia-site-renderer\1.4\doxia-site-renderer-1.4.jar;C:\Users\patry\.m2\repository\org\apache\maven\doxia\doxia-decoration-model\1.4\doxia-decoration-model-1.4.jar;C:\Users\patry\.m2\repository\org\apache\maven\doxia\doxia-module-xhtml\1.4\doxia-module-xhtml-1.4.jar;C:\Users\patry\.m2\repository\org\apache\maven\doxia\doxia-module-fml\1.4\doxia-module-fml-1.4.jar;C:\Users\patry\.m2\repository\org\codehaus\plexus\plexus-i18n\1.0-beta-7\plexus-i18n-1.0-beta-7.jar;C:\Users\patry\.m2\repository\org\codehaus\plexus\plexus-container-default\1.0-alpha-30\plexus-container-default-1.0-alpha-30.jar;C:\Users\patry\.m2\repository\junit\junit\3.8.1\junit-3.8.1.jar;C:\Users\patry\.m2\repository\org\codehaus\plexus\plexus-velocity\1.1.7\plexus-velocity-1.1.7.jar;C:\Users\patry\.m2\repository\org\apache\velocity\velocity\1.5\velocity-1.5.jar;C:\Users\patry\.m2\repository\oro\oro\2.0.8\oro-2.0.8.jar;C:\Users\patry\.m2\repository\org\apache\velocity\velocity-tools\2.0\velocity-tools-2.0.jar;C:\Users\patry\.m2\repository\commons-chain\commons-chain\1.1\commons-chain-1.1.jar;C:\Users\patry\.m2\repository\dom4j\dom4j\1.1\dom4j-1.1.jar;C:\Users\patry\.m2\repository\sslext\sslext\1.2-0\sslext-1.2-0.jar;C:\Users\patry\.m2\repository\org\apache\struts\struts-core\1.3.8\struts-core-1.3.8.jar;C:\Users\patry\.m2\repository\antlr\antlr\2.7.2\antlr-2.7.2.jar;C:\Users\patry\.m2\repository\org\apache\struts\struts-taglib\1.3.8\struts-taglib-1.3.8.jar;C:\Users\patry\.m2\repository\org\apache\struts\struts-tiles\1.3.8\struts-tiles-1.3.8.jar;C:\Users\patry\.m2\repository\org\codehaus\plexus\plexus-archiver\3.6.0\plexus-archiver-3.6.0.jar;C:\Users\patry\.m2\repository\org\iq80\snappy\snappy\0.4\snappy-0.4.jar;C:\Users\patry\.m2\repository\org\tukaani\xz\1.8\xz-1.8.jar;C:\Users\patry\.m2\repository\org\codehaus\plexus\plexus-utils\3.1.0\plexus-utils-3.1.0.jar;C:\Users\patry\.m2\repository\org\apache\maven\shared\file-management\3.0.0\file-management-3.0.0.jar;C:\Users\patry\.m2\repository\org\apache\maven\shared\maven-shared-io\3.0.0\maven-shared-io-3.0.0.jar;C:\Users\patry\.m2\repository\org\apache\maven\maven-compat\3.0\maven-compat-3.0.jar;C:\Users\patry\.m2\repository\org\apache\maven\wagon\wagon-provider-api\2.10\wagon-provider-api-2.10.jar;C:\Users\patry\.m2\repository\org\codehaus\plexus\plexus-io\3.0.0\plexus-io-3.0.0.jar;C:\Users\patry\.m2\repository\org\apache\maven\shared\maven-dependency-analyzer\1.10\maven-dependency-analyzer-1.10.jar;C:\Users\patry\.m2\repository\org\ow2\asm\asm\6.1.1\asm-6.1.1.jar;C:\Users\patry\.m2\repository\org\apache\maven\shared\maven-dependency-tree\3.0.1\maven-dependency-tree-3.0.1.jar;C:\Users\patry\.m2\repository\org\eclipse\aether\aether-util\0.9.0.M2\aether-util-0.9.0.M2.jar;C:\Users\patry\.m2\repository\org\apache\maven\shared\maven-common-artifact-filters\3.0.1\maven-common-artifact-filters-3.0.1.jar;C:\Users\patry\.m2\repository\org\apache\maven\shared\maven-artifact-transfer\0.9.1\maven-artifact-transfer-0.9.1.jar;C:\Users\patry\.m2\repository\org\slf4j\slf4j-api\1.7.5\slf4j-api-1.7.5.jar;C:\Users\patry\.m2\repository\org\apache\maven\shared\maven-shared-utils\3.2.0\maven-shared-utils-3.2.0.jar;C:\Users\patry\.m2\repository\commons-lang\commons-lang\2.6\commons-lang-2.6.jar;C:\Users\patry\.m2\repository\commons-collections\commons-collections\3.2.2\commons-collections-3.2.2.jar;C:\Users\patry\.m2\repository\classworlds\classworlds\1.1\classworlds-1.1.jar;C:\Users\patry\.m2\repository\io\rest-assured\rest-assured\4.1.2\rest-assured-4.1.2.jar;C:\Users\patry\.m2\repository\org\codehaus\groovy\groovy\2.5.8\groovy-2.5.8.jar;C:\Users\patry\.m2\repository\org\codehaus\groovy\groovy-xml\2.5.8\groovy-xml-2.5.8.jar;C:\Users\patry\.m2\repository\org\apache\httpcomponents\httpclient\4.5.3\httpclient-4.5.3.jar;C:\Users\patry\.m2\repository\org\apache\httpcomponents\httpcore\4.4.6\httpcore-4.4.6.jar;C:\Users\patry\.m2\repository\commons-logging\commons-logging\1.2\commons-logging-1.2.jar;C:\Users\patry\.m2\repository\org\apache\httpcomponents\httpmime\4.5.3\httpmime-4.5.3.jar;C:\Users\patry\.m2\repository\org\hamcrest\hamcrest\2.1\hamcrest-2.1.jar;C:\Users\patry\.m2\repository\org\ccil\cowan\tagsoup\tagsoup\1.2.1\tagsoup-1.2.1.jar;C:\Users\patry\.m2\repository\io\rest-assured\json-path\4.1.2\json-path-4.1.2.jar;C:\Users\patry\.m2\repository\org\codehaus\groovy\groovy-json\2.5.8\groovy-json-2.5.8.jar;C:\Users\patry\.m2\repository\io\rest-assured\rest-assured-common\4.1.2\rest-assured-common-4.1.2.jar;C:\Users\patry\.m2\repository\io\rest-assured\xml-path\4.1.2\xml-path-4.1.2.jar;C:\Users\patry\.m2\repository\org\apache\commons\commons-lang3\3.4\commons-lang3-3.4.jar;C:\Users\patry\.m2\repository\javax\xml\bind\jaxb-api\2.3.1\jaxb-api-2.3.1.jar;C:\Users\patry\.m2\repository\javax\activation\javax.activation-api\1.2.0\javax.activation-api-1.2.0.jar;C:\Users\patry\.m2\repository\com\sun\xml\bind\jaxb-osgi\2.3.0.1\jaxb-osgi-2.3.0.1.jar;C:\Users\patry\.m2\repository\org\apache\sling\org.apache.sling.javax.activation\0.1.0\org.apache.sling.javax.activation-0.1.0.jar;C:\Users\patry\.m2\repository\javax\activation\activation\1.1.1\activation-1.1.1.jar;C:\Users\patry\.m2\repository\io\rest-assured\json-schema-validator\4.1.2\json-schema-validator-4.1.2.jar;C:\Users\patry\.m2\repository\com\github\java-json-tools\json-schema-validator\2.2.10\json-schema-validator-2.2.10.jar;C:\Users\patry\.m2\repository\com\github\java-json-tools\json-schema-core\1.2.10\json-schema-core-1.2.10.jar;C:\Users\patry\.m2\repository\com\github\java-json-tools\jackson-coreutils\1.9\jackson-coreutils-1.9.jar;C:\Users\patry\.m2\repository\com\fasterxml\jackson\core\jackson-databind\2.2.3\jackson-databind-2.2.3.jar;C:\Users\patry\.m2\repository\com\fasterxml\jackson\core\jackson-annotations\2.2.3\jackson-annotations-2.2.3.jar;C:\Users\patry\.m2\repository\com\fasterxml\jackson\core\jackson-core\2.2.3\jackson-core-2.2.3.jar;C:\Users\patry\.m2\repository\com\github\fge\msg-simple\1.1\msg-simple-1.1.jar;C:\Users\patry\.m2\repository\com\github\fge\btf\1.2\btf-1.2.jar;C:\Users\patry\.m2\repository\com\github\fge\uri-template\0.9\uri-template-0.9.jar;C:\Users\patry\.m2\repository\org\mozilla\rhino\1.7.7.1\rhino-1.7.7.1.jar;C:\Users\patry\.m2\repository\javax\mail\mailapi\1.4.3\mailapi-1.4.3.jar;C:\Users\patry\.m2\repository\joda-time\joda-time\2.9.7\joda-time-2.9.7.jar;C:\Users\patry\.m2\repository\com\googlecode\libphonenumber\libphonenumber\8.0.0\libphonenumber-8.0.0.jar;C:\Users\patry\.m2\repository\net\sf\jopt-simple\jopt-simple\5.0.3\jopt-simple-5.0.3.jar;"/>
    <property name="sun.cpu.endian" value="little"/>
    <property name="user.home" value="C:\Users\patry"/>
    <property name="user.language" value="pl"/>
    <property name="java.specification.vendor" value="Oracle Corporation"/>
    <property name="java.version.date" value="2018-09-25"/>
    <property name="java.home" value="C:\Users\patry\.IdeaIC2019.3\config\jdks\jbsdk11b125_windows_x64"/>
    <property name="file.separator" value="\"/>
    <property name="basedir" value="C:\Users\patry\IdeaProjects\OpenNotify"/>
    <property name="java.vm.compressedOopsMode" value="Zero based"/>
    <property name="line.separator" value="&#10;"/>
    <property name="java.specification.name" value="Java Platform API Specification"/>
    <property name="java.vm.specification.vendor" value="Oracle Corporation"/>
    <property name="java.awt.graphicsenv" value="sun.awt.Win32GraphicsEnvironment"/>
    <property name="surefire.real.class.path" value="C:\Users\patry\AppData\Local\Temp\surefire7300429991294576300\surefirebooter4451851142879238480.jar"/>
    <property name="user.script" value=""/>
    <property name="sun.management.compiler" value="HotSpot 64-Bit Tiered Compilers"/>
    <property name="java.runtime.version" value="11-ea+125"/>
    <property name="user.name" value="patry"/>
    <property name="path.separator" value=";"/>
    <property name="os.version" value="10.0"/>
    <property name="java.runtime.name" value="OpenJDK Runtime Environment"/>
    <property name="file.encoding" value="Cp1250"/>
    <property name="java.vm.name" value="OpenJDK 64-Bit Server VM"/>
    <property name="localRepository" value="C:\Users\patry\.m2\repository"/>
    <property name="java.vendor.url.bug" value="https://youtrack.jetbrains.com"/>
    <property name="java.io.tmpdir" value="C:\Users\patry\AppData\Local\Temp\"/>
    <property name="java.version" value="11-ea"/>
    <property name="user.dir" value="C:\Users\patry\IdeaProjects\OpenNotify"/>
    <property name="os.arch" value="amd64"/>
    <property name="java.vm.specification.name" value="Java Virtual Machine Specification"/>
    <property name="java.awt.printerjob" value="sun.awt.windows.WPrinterJob"/>
    <property name="idea.version2019.3.1" value="true"/>
    <property name="sun.os.patch.level" value=""/>
    <property name="java.library.path" value="C:\Users\patry\.IdeaIC2019.3\config\jdks\jbsdk11b125_windows_x64\bin;C:\Windows\Sun\Java\bin;C:\Windows\system32;C:\Windows;C:\Program Files (x86)\Common Files\Oracle\Java\javapath;C:\Windows\system32;C:\Windows;C:\Windows\System32\Wbem;C:\Windows\System32\WindowsPowerShell\v1.0\;C:\Windows\System32\OpenSSH\;C:\Users\patry\scoop\shims;C:\Program Files\MySQL\MySQL Shell 8.0\bin\;."/>
    <property name="java.vendor" value="JetBrains s.r.o"/>
    <property name="java.vm.info" value="mixed mode"/>
    <property name="java.vm.version" value="11-ea+125"/>
    <property name="sun.io.unicode.encoding" value="UnicodeLittle"/>
    <property name="java.class.version" value="55.0"/>
  </properties>
  <testcase name="checkSchemaAndResponseCode" classname="ISSCurrentLocationTest" time="3.812"/>
  <testcase name="checkIfLatitudeWithinRange" classname="ISSCurrentLocationTest" time="0.419"/>
  <testcase name="checkIfLongitudeWithinRange" classname="ISSCurrentLocationTest" time="0.014"/>
  <testcase name="checkIfTimestampWithinRange" classname="ISSCurrentLocationTest" time="0.01"/>
  <testcase name="checkSchemaAndResponseCode" classname="PeopleInSpaceTest" time="0.551"/>
  <testcase name="checkIfNumberMatchesLengthOfPeopleArray" classname="PeopleInSpaceTest" time="0.055"/>
  <testcase name="checkSchemaAndResponseCode" classname="ISSPassTimesTests" time="0.476"/>
  <testcase name="checkIfNumberMatchesLengthOfPeopleArray" classname="ISSPassTimesTests" time="0.036"/>
  <testcase name="checkIfLatTheSameAsInRequest" classname="ISSPassTimesTests" time="0.014"/>
  <testcase name="checkIfLonTheSameAsInRequest" classname="ISSPassTimesTests" time="0.014"/>
  <testcase name="checkIfPassTimesAreInFuture" classname="ISSPassTimesTests" time="0.027"/>
  <testcase name="checkResponseCodesForBoundaryValues" classname="ISSPassTimesTests" time="0.635">
    <failure message="1 expectation failed.&#10;Expected status code is &lt;200&gt; but was &lt;400&gt;.&#10;" type="java.lang.AssertionError"><![CDATA[java.lang.AssertionError: 
1 expectation failed.
Expected status code is <200> but was <400>.

	at ISSPassTimesTests.checkResponseCodesForBoundaryValues(ISSPassTimesTests.java:40)
]]></failure>
  </testcase>
  <testcase name="checkResponseCodesForBoundaryValues" classname="ISSPassTimesTests" time="1.141">
    <failure message="1 expectation failed.&#10;Expected status code is &lt;200&gt; but was &lt;400&gt;.&#10;" type="java.lang.AssertionError"><![CDATA[java.lang.AssertionError: 
1 expectation failed.
Expected status code is <200> but was <400>.

	at ISSPassTimesTests.checkResponseCodesForBoundaryValues(ISSPassTimesTests.java:40)
]]></failure>
  </testcase>
  <testcase name="checkResponseCodesForBoundaryValues" classname="ISSPassTimesTests" time="0.604">
    <failure message="1 expectation failed.&#10;Expected status code is &lt;200&gt; but was &lt;400&gt;.&#10;" type="java.lang.AssertionError"><![CDATA[java.lang.AssertionError: 
1 expectation failed.
Expected status code is <200> but was <400>.

	at ISSPassTimesTests.checkResponseCodesForBoundaryValues(ISSPassTimesTests.java:40)
]]></failure>
  </testcase>
  <testcase name="checkResponseCodesForBoundaryValues" classname="ISSPassTimesTests" time="0.593">
    <failure message="1 expectation failed.&#10;Expected status code is &lt;200&gt; but was &lt;400&gt;.&#10;" type="java.lang.AssertionError"><![CDATA[java.lang.AssertionError: 
1 expectation failed.
Expected status code is <200> but was <400>.

	at ISSPassTimesTests.checkResponseCodesForBoundaryValues(ISSPassTimesTests.java:40)
]]></failure>
  </testcase>
  <testcase name="checkResponseCodesForBoundaryValues" classname="ISSPassTimesTests" time="0.594">
    <failure message="&#10;[public void ISSPassTimesTests.checkResponseCodesForBoundaryValues(float,float)] has no parameters defined but was found to be using a data provider (either explicitly specified or inherited from class level annotation).&#10;Data provider mismatch&#10;Method: checkResponseCodesForBoundaryValues([Parameter{index=0, type=float, declaredAnnotations=[]}, Parameter{index=1, type=float, declaredAnnotations=[]}])&#10;Arguments: [(java.lang.Double) 0.0,(java.lang.Float) -180.0]" type="org.testng.internal.reflect.MethodMatcherException">org.testng.internal.reflect.MethodMatcherException: 

[public void ISSPassTimesTests.checkResponseCodesForBoundaryValues(float,float)] has no parameters defined but was found to be using a data provider (either explicitly specified or inherited from class level annotation).
Data provider mismatch
Method: checkResponseCodesForBoundaryValues([Parameter{index=0, type=float, declaredAnnotations=[]}, Parameter{index=1, type=float, declaredAnnotations=[]}])
Arguments: [(java.lang.Double) 0.0,(java.lang.Float) -180.0]
</failure>
  </testcase>
  <testcase name="checkResponseCodesForInvalidValues" classname="ISSPassTimesTests" time="0.598"/>
  <testcase name="checkResponseCodesForInvalidValues" classname="ISSPassTimesTests" time="0.594"/>
  <testcase name="checkResponseCodesForInvalidValues" classname="ISSPassTimesTests" time="0.595"/>
  <testcase name="checkResponseCodesForInvalidValues" classname="ISSPassTimesTests" time="0.595">
    <failure message="&#10;[public void ISSPassTimesTests.checkResponseCodesForInvalidValues(float,float)] has no parameters defined but was found to be using a data provider (either explicitly specified or inherited from class level annotation).&#10;Data provider mismatch&#10;Method: checkResponseCodesForInvalidValues([Parameter{index=0, type=float, declaredAnnotations=[]}, Parameter{index=1, type=float, declaredAnnotations=[]}])&#10;Arguments: [(java.lang.Double) 0.0,(java.lang.Float) -180.0]" type="org.testng.internal.reflect.MethodMatcherException">org.testng.internal.reflect.MethodMatcherException: 

[public void ISSPassTimesTests.checkResponseCodesForInvalidValues(float,float)] has no parameters defined but was found to be using a data provider (either explicitly specified or inherited from class level annotation).
Data provider mismatch
Method: checkResponseCodesForInvalidValues([Parameter{index=0, type=float, declaredAnnotations=[]}, Parameter{index=1, type=float, declaredAnnotations=[]}])
Arguments: [(java.lang.Double) 0.0,(java.lang.Float) -180.0]
</failure>
  </testcase>
</testsuite>