<?xml version="1.0" encoding="UTF-8"?>
<!-- Generated by org.testng.reporters.JUnitReportReporter -->
<testsuite hostname="DESKTOP-JLPQ7D7" failures="0" tests="4" name="ISSCurrentLocationTest" time="4.262" errors="0" timestamp="2019-12-19T19:58:53 CET" skipped="0">
  <testcase classname="ISSCurrentLocationTest" name="checkSchemaAndResponseCode" time="3.810"/>
  <testcase classname="ISSCurrentLocationTest" name="checkIfTimestampWithinRange" time="0.015"/>
  <testcase classname="ISSCurrentLocationTest" name="checkIfLongitudeWithinRange" time="0.016"/>
  <testcase classname="ISSCurrentLocationTest" name="checkIfLatitudeWithinRange" time="0.421"/>
</testsuite> <!-- ISSCurrentLocationTest -->
