<?xml version="1.0" encoding="UTF-8"?>
<!-- Generated by org.testng.reporters.JUnitReportReporter -->
<testsuite hostname="DESKTOP-JLPQ7D7" failures="0" tests="2" name="PeopleInSpaceTest" time="0.605" errors="0" timestamp="2019-12-19T19:58:53 CET" skipped="0">
  <testcase classname="PeopleInSpaceTest" name="checkSchemaAndResponseCode" time="0.551"/>
  <testcase classname="PeopleInSpaceTest" name="checkIfNumberMatchesLengthOfPeopleArray" time="0.054"/>
</testsuite> <!-- PeopleInSpaceTest -->
